0 info it worked if it ends with ok
1 verbose cli [ '/home/opatiny/.nvm/versions/node/v7.2.0/bin/node',
1 verbose cli   '/home/opatiny/.nvm/versions/node/v7.2.0/bin/npm',
1 verbose cli   'run',
1 verbose cli   'eslint' ]
2 info using npm@3.10.9
3 info using node@v7.2.0
4 verbose run-script [ 'preeslint', 'eslint', 'posteslint' ]
5 info lifecycle chip@1.0.0~preeslint: chip@1.0.0
6 silly lifecycle chip@1.0.0~preeslint: no script for preeslint, continuing
7 info lifecycle chip@1.0.0~eslint: chip@1.0.0
8 verbose lifecycle chip@1.0.0~eslint: unsafe-perm in lifecycle true
9 verbose lifecycle chip@1.0.0~eslint: PATH: /home/opatiny/.nvm/versions/node/v7.2.0/lib/node_modules/npm/bin/node-gyp-bin:/home/opatiny/git/opatiny/chip/node_modules/.bin:/home/opatiny/.nvm/versions/node/v7.2.0/bin:/usr/lib64/qt-3.3/bin:/usr/local/bin:/usr/local/sbin:/usr/bin:/usr/sbin:/home/opatiny/.local/bin:/home/opatiny/bin
10 verbose lifecycle chip@1.0.0~eslint: CWD: /home/opatiny/git/opatiny/chip
11 silly lifecycle chip@1.0.0~eslint: Args: [ '-c', 'eslint src' ]
12 silly lifecycle chip@1.0.0~eslint: Returned: code: 1  signal: null
13 info lifecycle chip@1.0.0~eslint: Failed to exec eslint script
14 verbose stack Error: chip@1.0.0 eslint: `eslint src`
14 verbose stack Exit status 1
14 verbose stack     at EventEmitter.<anonymous> (/home/opatiny/.nvm/versions/node/v7.2.0/lib/node_modules/npm/lib/utils/lifecycle.js:255:16)
14 verbose stack     at emitTwo (events.js:106:13)
14 verbose stack     at EventEmitter.emit (events.js:191:7)
14 verbose stack     at ChildProcess.<anonymous> (/home/opatiny/.nvm/versions/node/v7.2.0/lib/node_modules/npm/lib/utils/spawn.js:40:14)
14 verbose stack     at emitTwo (events.js:106:13)
14 verbose stack     at ChildProcess.emit (events.js:191:7)
14 verbose stack     at maybeClose (internal/child_process.js:885:16)
14 verbose stack     at Process.ChildProcess._handle.onexit (internal/child_process.js:226:5)
15 verbose pkgid chip@1.0.0
16 verbose cwd /home/opatiny/git/opatiny/chip/src
17 error Linux 4.11.12-200.fc25.x86_64
18 error argv "/home/opatiny/.nvm/versions/node/v7.2.0/bin/node" "/home/opatiny/.nvm/versions/node/v7.2.0/bin/npm" "run" "eslint"
19 error node v7.2.0
20 error npm  v3.10.9
21 error code ELIFECYCLE
22 error chip@1.0.0 eslint: `eslint src`
22 error Exit status 1
23 error Failed at the chip@1.0.0 eslint script 'eslint src'.
23 error Make sure you have the latest version of node.js and npm installed.
23 error If you do, this is most likely a problem with the chip package,
23 error not with npm itself.
23 error Tell the author that this fails on your system:
23 error     eslint src
23 error You can get information on how to open an issue for this project with:
23 error     npm bugs chip
23 error Or if that isn't available, you can get their info via:
23 error     npm owner ls chip
23 error There is likely additional logging output above.
24 verbose exit [ 1, true ]
